<?xml version="1.0" encoding="UTF-8"?>
<!-- Generated by org.testng.reporters.JUnitReportReporter -->
<testsuite hostname="DESKTOP-OMV2D25" failures="0" tests="1" name="Utilities.Baseclass" time="11.444" errors="0" timestamp="2022-09-21T11:25:33 IST" skipped="0">
  <testcase classname="Utilities.Baseclass" name="setup" time="11.444"/>
  <system-out/>
</testsuite> <!-- Utilities.Baseclass -->
