<?xml version="1.0" encoding="UTF-8"?>
<!-- Generated by org.testng.reporters.JUnitReportReporter -->
<testsuite hostname="DESKTOP-OMV2D25" failures="0" tests="2" name="Testcases.TestcasesDome" time="63.916" errors="0" timestamp="2022-09-22T17:26:12 IST" skipped="0">
  <testcase classname="Testcases.TestcasesDome" name="setup" time="3.561"/>
  <system-out/>
  <testcase classname="Testcases.TestcasesDome" name="Signupcheck" time="60.355"/>
  <system-out/>
</testsuite> <!-- Testcases.TestcasesDome -->
