<?xml version="1.0" encoding="UTF-8"?>
<!-- Generated by org.testng.reporters.JUnitReportReporter -->
<testsuite hostname="DESKTOP-OMV2D25" failures="0" tests="2" name="Testcases.TestcasesDome" time="72.370" errors="0" timestamp="2022-09-23T13:20:33 IST" skipped="0">
  <testcase classname="Testcases.TestcasesDome" name="setup" time="7.296"/>
  <system-out/>
  <testcase classname="Testcases.TestcasesDome" name="Signupcheck" time="65.074"/>
  <system-out/>
</testsuite> <!-- Testcases.TestcasesDome -->
